19-Sep-2024 23:50:47.211 WARNING [main] org.apache.catalina.startup.ClassLoaderFactory.validateFile Problem with directory [E:\Work02\apache-tomcat-9.0.83-src\lib], exists: [false], isDirectory: [false], canRead: [false]
19-Sep-2024 23:50:47.212 WARNING [main] org.apache.catalina.startup.ClassLoaderFactory.validateFile Problem with directory [E:\Work02\apache-tomcat-9.0.83-src\lib], exists: [false], isDirectory: [false], canRead: [false]
19-Sep-2024 23:50:47.212 WARNING [main] org.apache.catalina.startup.ClassLoaderFactory.validateFile Problem with directory [E:\Work02\apache-tomcat-9.0.83-src\lib], exists: [false], isDirectory: [false], canRead: [false]
19-Sep-2024 23:50:47.213 WARNING [main] org.apache.catalina.startup.ClassLoaderFactory.validateFile Problem with directory [E:\Work02\apache-tomcat-9.0.83-src\lib], exists: [false], isDirectory: [false], canRead: [false]
19-Sep-2024 23:50:47.407 INFO [main] org.apache.catalina.startup.VersionLoggerListener.log Server version name:   Apache Tomcat/9.0.x-dev
19-Sep-2024 23:50:47.407 INFO [main] org.apache.catalina.startup.VersionLoggerListener.log Server built:          unknown
19-Sep-2024 23:50:47.409 INFO [main] org.apache.catalina.startup.VersionLoggerListener.log Server version number: 9.0.x
19-Sep-2024 23:50:47.409 INFO [main] org.apache.catalina.startup.VersionLoggerListener.log OS Name:               Windows 10
19-Sep-2024 23:50:47.409 INFO [main] org.apache.catalina.startup.VersionLoggerListener.log OS Version:            10.0
19-Sep-2024 23:50:47.409 INFO [main] org.apache.catalina.startup.VersionLoggerListener.log Architecture:          amd64
19-Sep-2024 23:50:47.409 INFO [main] org.apache.catalina.startup.VersionLoggerListener.log Java Home:             C:\Program Files\Java\Java11
19-Sep-2024 23:50:47.409 INFO [main] org.apache.catalina.startup.VersionLoggerListener.log JVM Version:           11.0.5+10-LTS
19-Sep-2024 23:50:47.409 INFO [main] org.apache.catalina.startup.VersionLoggerListener.log JVM Vendor:            Oracle Corporation
19-Sep-2024 23:50:47.409 INFO [main] org.apache.catalina.startup.VersionLoggerListener.log CATALINA_BASE:         E:\Work02\apache-tomcat-9.0.83-src
19-Sep-2024 23:50:47.409 INFO [main] org.apache.catalina.startup.VersionLoggerListener.log CATALINA_HOME:         E:\Work02\apache-tomcat-9.0.83-src
19-Sep-2024 23:50:47.409 INFO [main] org.apache.catalina.startup.VersionLoggerListener.log Command line argument: -agentlib:jdwp=transport=dt_socket,address=127.0.0.1:51840,suspend=y,server=n
19-Sep-2024 23:50:47.409 INFO [main] org.apache.catalina.startup.VersionLoggerListener.log Command line argument: -Dcatalina.home=E:\Work02\apache-tomcat-9.0.83-src
19-Sep-2024 23:50:47.409 INFO [main] org.apache.catalina.startup.VersionLoggerListener.log Command line argument: -Dcatalina.base=E:\Work02\apache-tomcat-9.0.83-src
19-Sep-2024 23:50:47.409 INFO [main] org.apache.catalina.startup.VersionLoggerListener.log Command line argument: -Djava.io.tmpdir=E:\Work02\apache-tomcat-9.0.83-sr\temp
19-Sep-2024 23:50:47.409 INFO [main] org.apache.catalina.startup.VersionLoggerListener.log Command line argument: -Djava.util.logging.manager=org.apache.juli.ClassLoaderLogManager
19-Sep-2024 23:50:47.409 INFO [main] org.apache.catalina.startup.VersionLoggerListener.log Command line argument: -Djava.util.logging.config.file=E:\Work02\apache-tomcat-9.0.83-src\conf\logging.properties
19-Sep-2024 23:50:47.409 INFO [main] org.apache.catalina.startup.VersionLoggerListener.log Command line argument: -Dcom.sun.management.jmxremote
19-Sep-2024 23:50:47.409 INFO [main] org.apache.catalina.startup.VersionLoggerListener.log Command line argument: -Dcom.sun.management.jmxremote.port=8011
19-Sep-2024 23:50:47.409 INFO [main] org.apache.catalina.startup.VersionLoggerListener.log Command line argument: -Dcom.sun.management.jmxremote.ssl=false
19-Sep-2024 23:50:47.409 INFO [main] org.apache.catalina.startup.VersionLoggerListener.log Command line argument: -Dcom.sun.management.jmxremote.authenticate=false
19-Sep-2024 23:50:47.409 INFO [main] org.apache.catalina.startup.VersionLoggerListener.log Command line argument: -Duser.language=en
19-Sep-2024 23:50:47.409 INFO [main] org.apache.catalina.startup.VersionLoggerListener.log Command line argument: -Duser.region=US
19-Sep-2024 23:50:47.409 INFO [main] org.apache.catalina.startup.VersionLoggerListener.log Command line argument: -javaagent:C:\Users\19129\AppData\Local\JetBrains\IntelliJIdea2022.2\captureAgent\debugger-agent.jar
19-Sep-2024 23:50:47.409 INFO [main] org.apache.catalina.startup.VersionLoggerListener.log Command line argument: -Dfile.encoding=UTF-8
19-Sep-2024 23:50:47.418 INFO [main] org.apache.catalina.core.AprLifecycleListener.lifecycleEvent The Apache Tomcat Native library which allows using OpenSSL was not found on the java.library.path: [C:\Program Files\Java\Java11\bin;C:\WINDOWS\Sun\Java\bin;C:\WINDOWS\system32;C:\WINDOWS;C:\Program Files (x86)\NetSarang\Xftp 6\;C:\Windows\system32;C:\Windows;C:\Windows\System32\Wbem;C:\Windows\System32\WindowsPowerShell\v1.0\;C:\Windows\System32\OpenSSH\;C:\Program Files\Java\Java11;C:\Users\19129\123\Java\apache-maven-3.6.1\apache-maven-3.6.1\bin;F:\exploitation\consul_1.3.1_windows_amd64;C:\WINDOWS\system32;C:\WINDOWS;C:\WINDOWS\System32\Wbem;C:\WINDOWS\System32\WindowsPowerShell\v1.0\;C:\WINDOWS\System32\OpenSSH\;F:\exploitation\yarn\bin\;F:\exploitation\SVN\bin;C:\Program Files\Java\Java11\jre\bin;F:\exploitation\gradle-5.6.4-bin\gradle-5.6.4\bin;C:\Users\19129\123\Git\mingw64\bin;C:\Users\19129\123\Git\mingw64\cmd;C:\Program Files (x86)\Tencent\微信web开发者工具\dll;C:\Users\19129\123\mysql-5.7\bin;C:\Users\19129\AppData\Local\Microsoft\WindowsApps;C:\Users\19129\123\Microsoft VS Code\bin;C:\Users\19129\AppData\Local\Yarn\bin;;.]
19-Sep-2024 23:50:47.590 INFO [main] org.apache.coyote.AbstractProtocol.init Initializing ProtocolHandler ["http-nio-8080"]
19-Sep-2024 23:50:47.612 INFO [main] org.apache.catalina.startup.Catalina.load Server initialization in [386] milliseconds
19-Sep-2024 23:50:47.685 INFO [main] org.apache.catalina.core.StandardService.startInternal Starting service [Catalina]
19-Sep-2024 23:50:47.685 INFO [main] org.apache.catalina.core.StandardEngine.startInternal Starting Servlet engine: [Apache Tomcat/9.0.x-dev]
19-Sep-2024 23:50:47.702 INFO [main] org.apache.catalina.startup.HostConfig.deployDirectory Deploying web application directory [E:\Work02\apache-tomcat-9.0.83-src\webapps\docs]
19-Sep-2024 23:50:48.010 INFO [main] org.apache.jasper.servlet.TldScanner.scanJars At least one JAR was scanned for TLDs yet contained no TLDs. Enable debug logging for this logger for a complete list of JARs that were scanned but no TLDs were found in them. Skipping unneeded JARs during scanning can improve startup time and JSP compilation time.
19-Sep-2024 23:50:48.301 WARNING [main] org.apache.catalina.util.SessionIdGeneratorBase.createSecureRandom Creation of SecureRandom instance for session ID generation using [SHA1PRNG] took [286] milliseconds.
19-Sep-2024 23:50:48.380 INFO [main] org.apache.catalina.startup.HostConfig.deployDirectory Deployment of web application directory [E:\Work02\apache-tomcat-9.0.83-src\webapps\docs] has finished in [678] ms
19-Sep-2024 23:50:48.381 INFO [main] org.apache.catalina.startup.HostConfig.deployDirectory Deploying web application directory [E:\Work02\apache-tomcat-9.0.83-src\webapps\examples]
19-Sep-2024 23:50:48.500 INFO [main] org.apache.jasper.servlet.TldScanner.scanJars At least one JAR was scanned for TLDs yet contained no TLDs. Enable debug logging for this logger for a complete list of JARs that were scanned but no TLDs were found in them. Skipping unneeded JARs during scanning can improve startup time and JSP compilation time.
19-Sep-2024 23:50:48.515 SEVERE [main] org.apache.catalina.core.StandardContext.startInternal One or more listeners failed to start. Full details will be found in the appropriate container log file
19-Sep-2024 23:50:48.515 SEVERE [main] org.apache.catalina.core.StandardContext.startInternal Context [/examples] startup failed due to previous errors
19-Sep-2024 23:50:48.526 INFO [main] org.apache.catalina.startup.HostConfig.deployDirectory Deployment of web application directory [E:\Work02\apache-tomcat-9.0.83-src\webapps\examples] has finished in [145] ms
19-Sep-2024 23:50:48.526 INFO [main] org.apache.catalina.startup.HostConfig.deployDirectory Deploying web application directory [E:\Work02\apache-tomcat-9.0.83-src\webapps\host-manager]
19-Sep-2024 23:50:48.549 INFO [main] org.apache.jasper.servlet.TldScanner.scanJars At least one JAR was scanned for TLDs yet contained no TLDs. Enable debug logging for this logger for a complete list of JARs that were scanned but no TLDs were found in them. Skipping unneeded JARs during scanning can improve startup time and JSP compilation time.
19-Sep-2024 23:50:48.556 INFO [main] org.apache.catalina.startup.HostConfig.deployDirectory Deployment of web application directory [E:\Work02\apache-tomcat-9.0.83-src\webapps\host-manager] has finished in [30] ms
19-Sep-2024 23:50:48.556 INFO [main] org.apache.catalina.startup.HostConfig.deployDirectory Deploying web application directory [E:\Work02\apache-tomcat-9.0.83-src\webapps\manager]
19-Sep-2024 23:50:48.579 INFO [main] org.apache.jasper.servlet.TldScanner.scanJars At least one JAR was scanned for TLDs yet contained no TLDs. Enable debug logging for this logger for a complete list of JARs that were scanned but no TLDs were found in them. Skipping unneeded JARs during scanning can improve startup time and JSP compilation time.
19-Sep-2024 23:50:48.580 INFO [main] org.apache.catalina.startup.HostConfig.deployDirectory Deployment of web application directory [E:\Work02\apache-tomcat-9.0.83-src\webapps\manager] has finished in [24] ms
19-Sep-2024 23:50:48.581 INFO [main] org.apache.catalina.startup.HostConfig.deployDirectory Deploying web application directory [E:\Work02\apache-tomcat-9.0.83-src\webapps\ROOT]
19-Sep-2024 23:50:48.600 INFO [main] org.apache.jasper.servlet.TldScanner.scanJars At least one JAR was scanned for TLDs yet contained no TLDs. Enable debug logging for this logger for a complete list of JARs that were scanned but no TLDs were found in them. Skipping unneeded JARs during scanning can improve startup time and JSP compilation time.
19-Sep-2024 23:50:48.601 INFO [main] org.apache.catalina.startup.HostConfig.deployDirectory Deployment of web application directory [E:\Work02\apache-tomcat-9.0.83-src\webapps\ROOT] has finished in [20] ms
19-Sep-2024 23:50:48.605 INFO [main] org.apache.coyote.AbstractProtocol.start Starting ProtocolHandler ["http-nio-8080"]
19-Sep-2024 23:50:48.628 INFO [main] org.apache.catalina.startup.Catalina.start Server startup in [1015] milliseconds
